<?xml version="1.0" encoding="UTF-8"?>
<TestRun id="de42f77d-f939-40f9-8706-e9c5504f2b97" name="jf@JFVAIO 2012-11-23 18:58:48" runUser="jfVaio\jf" xmlns="http://microsoft.com/schemas/VisualStudio/TeamTest/2010">
  <TestSettings name="Default Test Settings" id="9549bb8a-9043-4c45-b0f5-ce7a0be037aa">
    <Deployment runDeploymentRoot="jf_JFVAIO 2012-11-23 18_58_48">
      <DeploymentItem filename="D:\dev\isel\si\Serie02\RBAC-Solution\RBAC.Core\bin\Debug\RBAC.Core.dll" />
    </Deployment>
    <Execution>
      <TestTypeSpecific />
      <AgentRule name="Execution Agents">
      </AgentRule>
    </Execution>
  </TestSettings>
  <Times creation="2012-11-23T18:58:48.4276327+00:00" queuing="2012-11-23T18:58:50.4277471+00:00" start="2012-11-23T18:58:50.5437538+00:00" finish="2012-11-23T18:59:27.3698601+00:00" />
  <ResultSummary outcome="Error">
    <Counters total="6" executed="1" error="0" failed="0" timeout="0" aborted="1" inconclusive="0" passedButRunAborted="0" notRunnable="0" notExecuted="5" disconnected="0" warning="0" passed="0" completed="0" inProgress="0" pending="0" />
    <RunInfos>
      <RunInfo computerName="JFVAIO" outcome="Error" timestamp="2012-11-23T18:59:27.3668599+00:00">
        <Text>Test host process exited unexpectedly.</Text>
      </RunInfo>
    </RunInfos>
  </ResultSummary>
  <TestDefinitions>
    <UnitTest name="Factory_CreateSession" storage="d:\dev\isel\si\serie02\rbac-solution\rbac.core.tests\bin\debug\rbac.core.tests.dll" id="b7992c18-c560-1584-f27b-461a6e5a4236">
      <Execution id="7a2114b7-ef3a-487f-b83d-fe47a548c3b5" />
      <TestMethod codeBase="D:/dev/isel/si/Serie02/RBAC-Solution/RBAC.Core.Tests/bin/Debug/RBAC.Core.Tests.DLL" adapterTypeName="Microsoft.VisualStudio.TestTools.TestTypes.Unit.UnitTestAdapter, Microsoft.VisualStudio.QualityTools.Tips.UnitTest.Adapter, Version=10.0.0.0, Culture=neutral, PublicKeyToken=b03f5f7f11d50a3a" className="RBAC.Core.Tests.RBACHelperTests, RBAC.Core.Tests, Version=1.0.0.0, Culture=neutral, PublicKeyToken=null" name="Factory_CreateSession" />
    </UnitTest>
    <UnitTest name="User_Session_Without_Role_Cant_Access" storage="d:\dev\isel\si\serie02\rbac-solution\rbac.core.tests\bin\debug\rbac.core.tests.dll" id="c082c9a0-8064-5c7d-a2c2-65d600474842">
      <Execution id="c1f898a0-d7c5-4b00-9a58-a70b5a71b799" />
      <TestMethod codeBase="D:/dev/isel/si/Serie02/RBAC-Solution/RBAC.Core.Tests/bin/Debug/RBAC.Core.Tests.DLL" adapterTypeName="Microsoft.VisualStudio.TestTools.TestTypes.Unit.UnitTestAdapter, Microsoft.VisualStudio.QualityTools.Tips.UnitTest.Adapter, Version=10.0.0.0, Culture=neutral, PublicKeyToken=b03f5f7f11d50a3a" className="RBAC.Core.Tests.RBACHelperTests, RBAC.Core.Tests, Version=1.0.0.0, Culture=neutral, PublicKeyToken=null" name="User_Session_Without_Role_Cant_Access" />
    </UnitTest>
    <UnitTest name="UserManager_Returns_All_Roles_Hierarchy" storage="d:\dev\isel\si\serie02\rbac-solution\rbac.core.tests\bin\debug\rbac.core.tests.dll" id="f81c62bb-8284-ee53-c496-315899b23d9f">
      <Execution id="b25ad4d6-1d2e-4453-873b-41c611e022c5" />
      <TestMethod codeBase="D:/dev/isel/si/Serie02/RBAC-Solution/RBAC.Core.Tests/bin/Debug/RBAC.Core.Tests.DLL" adapterTypeName="Microsoft.VisualStudio.TestTools.TestTypes.Unit.UnitTestAdapter, Microsoft.VisualStudio.QualityTools.Tips.UnitTest.Adapter, Version=10.0.0.0, Culture=neutral, PublicKeyToken=b03f5f7f11d50a3a" className="RBAC.Core.Tests.RBACHelperTests, RBAC.Core.Tests, Version=1.0.0.0, Culture=neutral, PublicKeyToken=null" name="UserManager_Returns_All_Roles_Hierarchy" />
    </UnitTest>
    <UnitTest name="User_Session_Without_Child_Role_Cant_Access" storage="d:\dev\isel\si\serie02\rbac-solution\rbac.core.tests\bin\debug\rbac.core.tests.dll" id="1665c9b2-f7ad-5a89-c6bf-49e18c201fec">
      <Execution id="4587cfbc-f4ba-40cc-b0fd-869529b35ac2" />
      <TestMethod codeBase="D:/dev/isel/si/Serie02/RBAC-Solution/RBAC.Core.Tests/bin/Debug/RBAC.Core.Tests.DLL" adapterTypeName="Microsoft.VisualStudio.TestTools.TestTypes.Unit.UnitTestAdapter, Microsoft.VisualStudio.QualityTools.Tips.UnitTest.Adapter, Version=10.0.0.0, Culture=neutral, PublicKeyToken=b03f5f7f11d50a3a" className="RBAC.Core.Tests.RBACHelperTests, RBAC.Core.Tests, Version=1.0.0.0, Culture=neutral, PublicKeyToken=null" name="User_Session_Without_Child_Role_Cant_Access" />
    </UnitTest>
    <UnitTest name="User_Session_With_Role_And_Permission_To_Access" storage="d:\dev\isel\si\serie02\rbac-solution\rbac.core.tests\bin\debug\rbac.core.tests.dll" id="b36f11f2-34ed-197f-8336-e1064b0eb6d8">
      <Execution id="5252c4da-9ad3-4256-90c0-605bd3195f47" />
      <TestMethod codeBase="D:/dev/isel/si/Serie02/RBAC-Solution/RBAC.Core.Tests/bin/Debug/RBAC.Core.Tests.DLL" adapterTypeName="Microsoft.VisualStudio.TestTools.TestTypes.Unit.UnitTestAdapter, Microsoft.VisualStudio.QualityTools.Tips.UnitTest.Adapter, Version=10.0.0.0, Culture=neutral, PublicKeyToken=b03f5f7f11d50a3a" className="RBAC.Core.Tests.RBACHelperTests, RBAC.Core.Tests, Version=1.0.0.0, Culture=neutral, PublicKeyToken=null" name="User_Session_With_Role_And_Permission_To_Access" />
    </UnitTest>
    <UnitTest name="User_Session_With_Child_Role_And_Permission_To_Access" storage="d:\dev\isel\si\serie02\rbac-solution\rbac.core.tests\bin\debug\rbac.core.tests.dll" id="83ae8fc0-786f-b937-8849-0d88b3db4e54">
      <Execution id="74f2dcb0-2d04-4740-b386-00d86c0ac355" />
      <TestMethod codeBase="D:/dev/isel/si/Serie02/RBAC-Solution/RBAC.Core.Tests/bin/Debug/RBAC.Core.Tests.DLL" adapterTypeName="Microsoft.VisualStudio.TestTools.TestTypes.Unit.UnitTestAdapter, Microsoft.VisualStudio.QualityTools.Tips.UnitTest.Adapter, Version=10.0.0.0, Culture=neutral, PublicKeyToken=b03f5f7f11d50a3a" className="RBAC.Core.Tests.RBACHelperTests, RBAC.Core.Tests, Version=1.0.0.0, Culture=neutral, PublicKeyToken=null" name="User_Session_With_Child_Role_And_Permission_To_Access" />
    </UnitTest>
  </TestDefinitions>
  <TestLists>
    <TestList name="Results Not in a List" id="8c84fa94-04c1-424b-9868-57a2d4851a1d" />
    <TestList name="All Loaded Results" id="19431567-8539-422a-85d7-44ee4e166bda" />
  </TestLists>
  <TestEntries>
    <TestEntry testId="1665c9b2-f7ad-5a89-c6bf-49e18c201fec" executionId="4587cfbc-f4ba-40cc-b0fd-869529b35ac2" testListId="8c84fa94-04c1-424b-9868-57a2d4851a1d" />
    <TestEntry testId="83ae8fc0-786f-b937-8849-0d88b3db4e54" executionId="74f2dcb0-2d04-4740-b386-00d86c0ac355" testListId="8c84fa94-04c1-424b-9868-57a2d4851a1d" />
    <TestEntry testId="b36f11f2-34ed-197f-8336-e1064b0eb6d8" executionId="5252c4da-9ad3-4256-90c0-605bd3195f47" testListId="8c84fa94-04c1-424b-9868-57a2d4851a1d" />
    <TestEntry testId="b7992c18-c560-1584-f27b-461a6e5a4236" executionId="7a2114b7-ef3a-487f-b83d-fe47a548c3b5" testListId="8c84fa94-04c1-424b-9868-57a2d4851a1d" />
    <TestEntry testId="c082c9a0-8064-5c7d-a2c2-65d600474842" executionId="c1f898a0-d7c5-4b00-9a58-a70b5a71b799" testListId="8c84fa94-04c1-424b-9868-57a2d4851a1d" />
    <TestEntry testId="f81c62bb-8284-ee53-c496-315899b23d9f" executionId="b25ad4d6-1d2e-4453-873b-41c611e022c5" testListId="8c84fa94-04c1-424b-9868-57a2d4851a1d" />
  </TestEntries>
  <Results>
    <UnitTestResult executionId="4587cfbc-f4ba-40cc-b0fd-869529b35ac2" testId="1665c9b2-f7ad-5a89-c6bf-49e18c201fec" testName="User_Session_Without_Child_Role_Cant_Access" computerName="JFVAIO" duration="00:00:36.7110997" startTime="2012-11-23T18:58:50.6577603+00:00" endTime="2012-11-23T18:59:27.3688600+00:00" testType="13cdc9d9-ddb5-4fa4-a97d-d965ccfc6d4b" outcome="Aborted" testListId="8c84fa94-04c1-424b-9868-57a2d4851a1d" relativeResultsDirectory="4587cfbc-f4ba-40cc-b0fd-869529b35ac2">
    </UnitTestResult>
    <UnitTestResult executionId="74f2dcb0-2d04-4740-b386-00d86c0ac355" testId="83ae8fc0-786f-b937-8849-0d88b3db4e54" testName="User_Session_With_Child_Role_And_Permission_To_Access" computerName="JFVAIO" testType="13cdc9d9-ddb5-4fa4-a97d-d965ccfc6d4b" outcome="NotExecuted" testListId="8c84fa94-04c1-424b-9868-57a2d4851a1d" relativeResultsDirectory="74f2dcb0-2d04-4740-b386-00d86c0ac355">
    </UnitTestResult>
    <UnitTestResult executionId="5252c4da-9ad3-4256-90c0-605bd3195f47" testId="b36f11f2-34ed-197f-8336-e1064b0eb6d8" testName="User_Session_With_Role_And_Permission_To_Access" computerName="JFVAIO" testType="13cdc9d9-ddb5-4fa4-a97d-d965ccfc6d4b" outcome="NotExecuted" testListId="8c84fa94-04c1-424b-9868-57a2d4851a1d" relativeResultsDirectory="5252c4da-9ad3-4256-90c0-605bd3195f47">
    </UnitTestResult>
    <UnitTestResult executionId="7a2114b7-ef3a-487f-b83d-fe47a548c3b5" testId="b7992c18-c560-1584-f27b-461a6e5a4236" testName="Factory_CreateSession" computerName="JFVAIO" testType="13cdc9d9-ddb5-4fa4-a97d-d965ccfc6d4b" outcome="NotExecuted" testListId="8c84fa94-04c1-424b-9868-57a2d4851a1d" relativeResultsDirectory="7a2114b7-ef3a-487f-b83d-fe47a548c3b5">
    </UnitTestResult>
    <UnitTestResult executionId="c1f898a0-d7c5-4b00-9a58-a70b5a71b799" testId="c082c9a0-8064-5c7d-a2c2-65d600474842" testName="User_Session_Without_Role_Cant_Access" computerName="JFVAIO" testType="13cdc9d9-ddb5-4fa4-a97d-d965ccfc6d4b" outcome="NotExecuted" testListId="8c84fa94-04c1-424b-9868-57a2d4851a1d" relativeResultsDirectory="c1f898a0-d7c5-4b00-9a58-a70b5a71b799">
    </UnitTestResult>
    <UnitTestResult executionId="b25ad4d6-1d2e-4453-873b-41c611e022c5" testId="f81c62bb-8284-ee53-c496-315899b23d9f" testName="UserManager_Returns_All_Roles_Hierarchy" computerName="JFVAIO" testType="13cdc9d9-ddb5-4fa4-a97d-d965ccfc6d4b" outcome="NotExecuted" testListId="8c84fa94-04c1-424b-9868-57a2d4851a1d" relativeResultsDirectory="b25ad4d6-1d2e-4453-873b-41c611e022c5">
    </UnitTestResult>
  </Results>
</TestRun>