<?xml version="1.0" encoding="UTF-8"?>
<TestRun id="20124a58-217b-401a-8924-5f5189982f16" name="jf@JFVAIO 2012-11-19 00:10:02" runUser="jfVaio\jf" xmlns="http://microsoft.com/schemas/VisualStudio/TeamTest/2010">
  <TestSettings name="Default Test Settings" id="7d3b0c29-9434-40ae-9bf5-e46edf5cbe57">
    <Deployment runDeploymentRoot="jf_JFVAIO 2012-11-19 00_10_02">
      <DeploymentItem filename="D:\dev\isel\si\Serie02\RBAC-Solution\RBAC.Core\bin\Debug\RBAC.Core.dll" />
    </Deployment>
    <Execution>
      <TestTypeSpecific />
      <AgentRule name="Execution Agents">
      </AgentRule>
    </Execution>
  </TestSettings>
  <Times creation="2012-11-19T00:10:02.6060871+00:00" queuing="2012-11-19T00:10:03.9924938+00:00" start="2012-11-19T00:10:04.1016939+00:00" finish="2012-11-19T00:11:15.8930200+00:00" />
  <ResultSummary outcome="Error">
    <Counters total="1" executed="1" error="0" failed="0" timeout="0" aborted="1" inconclusive="0" passedButRunAborted="0" notRunnable="0" notExecuted="0" disconnected="0" warning="0" passed="0" completed="0" inProgress="0" pending="0" />
    <RunInfos>
      <RunInfo computerName="JFVAIO" outcome="Error" timestamp="2012-11-19T00:11:15.8930200+00:00">
        <Text>Test host process exited unexpectedly.</Text>
      </RunInfo>
    </RunInfos>
  </ResultSummary>
  <TestDefinitions>
    <UnitTest name="User_Session_With_Role_And_Permission_To_Access" storage="d:\dev\isel\si\serie02\rbac-solution\rbac.core.tests\bin\debug\rbac.core.tests.dll" id="b36f11f2-34ed-197f-8336-e1064b0eb6d8">
      <Execution id="a4410f17-ac21-48ac-be2f-e10cb8188667" />
      <TestMethod codeBase="D:/dev/isel/si/Serie02/RBAC-Solution/RBAC.Core.Tests/bin/Debug/RBAC.Core.Tests.DLL" adapterTypeName="Microsoft.VisualStudio.TestTools.TestTypes.Unit.UnitTestAdapter, Microsoft.VisualStudio.QualityTools.Tips.UnitTest.Adapter, Version=10.0.0.0, Culture=neutral, PublicKeyToken=b03f5f7f11d50a3a" className="RBAC.Core.Tests.RBACHelperTests, RBAC.Core.Tests, Version=1.0.0.0, Culture=neutral, PublicKeyToken=null" name="User_Session_With_Role_And_Permission_To_Access" />
    </UnitTest>
  </TestDefinitions>
  <TestLists>
    <TestList name="Results Not in a List" id="8c84fa94-04c1-424b-9868-57a2d4851a1d" />
    <TestList name="All Loaded Results" id="19431567-8539-422a-85d7-44ee4e166bda" />
  </TestLists>
  <TestEntries>
    <TestEntry testId="b36f11f2-34ed-197f-8336-e1064b0eb6d8" executionId="a4410f17-ac21-48ac-be2f-e10cb8188667" testListId="8c84fa94-04c1-424b-9868-57a2d4851a1d" />
  </TestEntries>
  <Results>
    <UnitTestResult executionId="a4410f17-ac21-48ac-be2f-e10cb8188667" testId="b36f11f2-34ed-197f-8336-e1064b0eb6d8" testName="User_Session_With_Role_And_Permission_To_Access" computerName="JFVAIO" duration="00:01:11.6665258" startTime="2012-11-19T00:10:04.2264942+00:00" endTime="2012-11-19T00:11:15.8930200+00:00" testType="13cdc9d9-ddb5-4fa4-a97d-d965ccfc6d4b" outcome="Aborted" testListId="8c84fa94-04c1-424b-9868-57a2d4851a1d" relativeResultsDirectory="a4410f17-ac21-48ac-be2f-e10cb8188667">
    </UnitTestResult>
  </Results>
</TestRun>