<?xml version="1.0" encoding="UTF-8"?>
<TestRun id="a624abcc-58aa-40fe-bc28-e37065de8592" name="jf@JFVAIO 2012-11-18 23:51:35" runUser="jfVaio\jf" xmlns="http://microsoft.com/schemas/VisualStudio/TeamTest/2010">
  <TestSettings name="Default Test Settings" id="6c26a947-356a-42de-ac76-5f89d25b6ea6">
    <Deployment runDeploymentRoot="jf_JFVAIO 2012-11-18 23_51_35">
      <DeploymentItem filename="D:\dev\isel\si\Serie02\RBAC-Solution\RBAC.Core\bin\Debug\RBAC.Core.dll" />
    </Deployment>
    <Execution>
      <TestTypeSpecific />
      <AgentRule name="Execution Agents">
      </AgentRule>
    </Execution>
  </TestSettings>
  <Times creation="2012-11-18T23:51:35.6619480+00:00" queuing="2012-11-18T23:51:35.7555482+00:00" start="2012-11-18T23:51:35.7711482+00:00" finish="2012-11-18T23:51:36.0519487+00:00" />
  <ResultSummary outcome="Failed">
    <Counters total="5" executed="5" passed="4" error="0" failed="1" timeout="0" aborted="0" inconclusive="0" passedButRunAborted="0" notRunnable="0" notExecuted="0" disconnected="0" warning="0" completed="0" inProgress="0" pending="0" />
  </ResultSummary>
  <TestDefinitions>
    <UnitTest name="User_Session_Without_Role_Cant_Access" storage="d:\dev\isel\si\serie02\rbac-solution\rbac.core.tests\bin\debug\rbac.core.tests.dll" id="c082c9a0-8064-5c7d-a2c2-65d600474842">
      <Execution id="477cbf8c-439a-4806-9e60-f1998a32a7dc" />
      <TestMethod codeBase="D:/dev/isel/si/Serie02/RBAC-Solution/RBAC.Core.Tests/bin/Debug/RBAC.Core.Tests.DLL" adapterTypeName="Microsoft.VisualStudio.TestTools.TestTypes.Unit.UnitTestAdapter, Microsoft.VisualStudio.QualityTools.Tips.UnitTest.Adapter, Version=10.0.0.0, Culture=neutral, PublicKeyToken=b03f5f7f11d50a3a" className="RBAC.Core.Tests.RBACHelperTests, RBAC.Core.Tests, Version=1.0.0.0, Culture=neutral, PublicKeyToken=null" name="User_Session_Without_Role_Cant_Access" />
    </UnitTest>
    <UnitTest name="User_Session_Without_Child_Role_Cant_Access" storage="d:\dev\isel\si\serie02\rbac-solution\rbac.core.tests\bin\debug\rbac.core.tests.dll" id="1665c9b2-f7ad-5a89-c6bf-49e18c201fec">
      <Execution id="493117a4-56c7-492b-b848-60efc981e3eb" />
      <TestMethod codeBase="D:/dev/isel/si/Serie02/RBAC-Solution/RBAC.Core.Tests/bin/Debug/RBAC.Core.Tests.DLL" adapterTypeName="Microsoft.VisualStudio.TestTools.TestTypes.Unit.UnitTestAdapter, Microsoft.VisualStudio.QualityTools.Tips.UnitTest.Adapter, Version=10.0.0.0, Culture=neutral, PublicKeyToken=b03f5f7f11d50a3a" className="RBAC.Core.Tests.RBACHelperTests, RBAC.Core.Tests, Version=1.0.0.0, Culture=neutral, PublicKeyToken=null" name="User_Session_Without_Child_Role_Cant_Access" />
    </UnitTest>
    <UnitTest name="User_Session_With_Role_And_Permission_To_Access" storage="d:\dev\isel\si\serie02\rbac-solution\rbac.core.tests\bin\debug\rbac.core.tests.dll" id="b36f11f2-34ed-197f-8336-e1064b0eb6d8">
      <Execution id="d18df580-b82e-451d-af9b-e3aef27d1c68" />
      <TestMethod codeBase="D:/dev/isel/si/Serie02/RBAC-Solution/RBAC.Core.Tests/bin/Debug/RBAC.Core.Tests.DLL" adapterTypeName="Microsoft.VisualStudio.TestTools.TestTypes.Unit.UnitTestAdapter, Microsoft.VisualStudio.QualityTools.Tips.UnitTest.Adapter, Version=10.0.0.0, Culture=neutral, PublicKeyToken=b03f5f7f11d50a3a" className="RBAC.Core.Tests.RBACHelperTests, RBAC.Core.Tests, Version=1.0.0.0, Culture=neutral, PublicKeyToken=null" name="User_Session_With_Role_And_Permission_To_Access" />
    </UnitTest>
    <UnitTest name="UserManager_Returns_All_Roles_Hierarchy" storage="d:\dev\isel\si\serie02\rbac-solution\rbac.core.tests\bin\debug\rbac.core.tests.dll" id="f81c62bb-8284-ee53-c496-315899b23d9f">
      <Execution id="803e8db3-bbe1-45d7-80b5-a8715dbcdacd" />
      <TestMethod codeBase="D:/dev/isel/si/Serie02/RBAC-Solution/RBAC.Core.Tests/bin/Debug/RBAC.Core.Tests.DLL" adapterTypeName="Microsoft.VisualStudio.TestTools.TestTypes.Unit.UnitTestAdapter, Microsoft.VisualStudio.QualityTools.Tips.UnitTest.Adapter, Version=10.0.0.0, Culture=neutral, PublicKeyToken=b03f5f7f11d50a3a" className="RBAC.Core.Tests.RBACHelperTests, RBAC.Core.Tests, Version=1.0.0.0, Culture=neutral, PublicKeyToken=null" name="UserManager_Returns_All_Roles_Hierarchy" />
    </UnitTest>
    <UnitTest name="User_Session_With_Child_Role_And_Permission_To_Access" storage="d:\dev\isel\si\serie02\rbac-solution\rbac.core.tests\bin\debug\rbac.core.tests.dll" id="83ae8fc0-786f-b937-8849-0d88b3db4e54">
      <Execution id="3d16dfbd-a249-49d1-8738-ae9f451fb911" />
      <TestMethod codeBase="D:/dev/isel/si/Serie02/RBAC-Solution/RBAC.Core.Tests/bin/Debug/RBAC.Core.Tests.DLL" adapterTypeName="Microsoft.VisualStudio.TestTools.TestTypes.Unit.UnitTestAdapter, Microsoft.VisualStudio.QualityTools.Tips.UnitTest.Adapter, Version=10.0.0.0, Culture=neutral, PublicKeyToken=b03f5f7f11d50a3a" className="RBAC.Core.Tests.RBACHelperTests, RBAC.Core.Tests, Version=1.0.0.0, Culture=neutral, PublicKeyToken=null" name="User_Session_With_Child_Role_And_Permission_To_Access" />
    </UnitTest>
  </TestDefinitions>
  <TestLists>
    <TestList name="Results Not in a List" id="8c84fa94-04c1-424b-9868-57a2d4851a1d" />
    <TestList name="All Loaded Results" id="19431567-8539-422a-85d7-44ee4e166bda" />
  </TestLists>
  <TestEntries>
    <TestEntry testId="1665c9b2-f7ad-5a89-c6bf-49e18c201fec" executionId="493117a4-56c7-492b-b848-60efc981e3eb" testListId="8c84fa94-04c1-424b-9868-57a2d4851a1d" />
    <TestEntry testId="83ae8fc0-786f-b937-8849-0d88b3db4e54" executionId="3d16dfbd-a249-49d1-8738-ae9f451fb911" testListId="8c84fa94-04c1-424b-9868-57a2d4851a1d" />
    <TestEntry testId="b36f11f2-34ed-197f-8336-e1064b0eb6d8" executionId="d18df580-b82e-451d-af9b-e3aef27d1c68" testListId="8c84fa94-04c1-424b-9868-57a2d4851a1d" />
    <TestEntry testId="c082c9a0-8064-5c7d-a2c2-65d600474842" executionId="477cbf8c-439a-4806-9e60-f1998a32a7dc" testListId="8c84fa94-04c1-424b-9868-57a2d4851a1d" />
    <TestEntry testId="f81c62bb-8284-ee53-c496-315899b23d9f" executionId="803e8db3-bbe1-45d7-80b5-a8715dbcdacd" testListId="8c84fa94-04c1-424b-9868-57a2d4851a1d" />
  </TestEntries>
  <Results>
    <UnitTestResult executionId="493117a4-56c7-492b-b848-60efc981e3eb" testId="1665c9b2-f7ad-5a89-c6bf-49e18c201fec" testName="User_Session_Without_Child_Role_Cant_Access" computerName="JFVAIO" duration="00:00:00.0351751" startTime="2012-11-18T23:51:35.7711482+00:00" endTime="2012-11-18T23:51:35.9583486+00:00" testType="13cdc9d9-ddb5-4fa4-a97d-d965ccfc6d4b" outcome="Passed" testListId="8c84fa94-04c1-424b-9868-57a2d4851a1d" relativeResultsDirectory="493117a4-56c7-492b-b848-60efc981e3eb">
    </UnitTestResult>
    <UnitTestResult executionId="3d16dfbd-a249-49d1-8738-ae9f451fb911" testId="83ae8fc0-786f-b937-8849-0d88b3db4e54" testName="User_Session_With_Child_Role_And_Permission_To_Access" computerName="JFVAIO" duration="00:00:00.0069877" startTime="2012-11-18T23:51:35.9583486+00:00" endTime="2012-11-18T23:51:35.9583486+00:00" testType="13cdc9d9-ddb5-4fa4-a97d-d965ccfc6d4b" outcome="Passed" testListId="8c84fa94-04c1-424b-9868-57a2d4851a1d" relativeResultsDirectory="3d16dfbd-a249-49d1-8738-ae9f451fb911">
    </UnitTestResult>
    <UnitTestResult executionId="d18df580-b82e-451d-af9b-e3aef27d1c68" testId="b36f11f2-34ed-197f-8336-e1064b0eb6d8" testName="User_Session_With_Role_And_Permission_To_Access" computerName="JFVAIO" duration="00:00:00.0168020" startTime="2012-11-18T23:51:35.9583486+00:00" endTime="2012-11-18T23:51:35.9895486+00:00" testType="13cdc9d9-ddb5-4fa4-a97d-d965ccfc6d4b" outcome="Failed" testListId="8c84fa94-04c1-424b-9868-57a2d4851a1d" relativeResultsDirectory="d18df580-b82e-451d-af9b-e3aef27d1c68">
      <Output>
        <ErrorInfo>
          <Message>Assert.IsTrue failed. </Message>
          <StackTrace>   at RBAC.Core.Tests.RBACHelperTests.User_Session_With_Role_And_Permission_To_Access() in D:\dev\isel\si\Serie02\RBAC-Solution\RBAC.Core.Tests\RBACHelperTests.cs:line 29
</StackTrace>
        </ErrorInfo>
      </Output>
    </UnitTestResult>
    <UnitTestResult executionId="477cbf8c-439a-4806-9e60-f1998a32a7dc" testId="c082c9a0-8064-5c7d-a2c2-65d600474842" testName="User_Session_Without_Role_Cant_Access" computerName="JFVAIO" duration="00:00:00.0093635" startTime="2012-11-18T23:51:35.9895486+00:00" endTime="2012-11-18T23:51:35.9895486+00:00" testType="13cdc9d9-ddb5-4fa4-a97d-d965ccfc6d4b" outcome="Passed" testListId="8c84fa94-04c1-424b-9868-57a2d4851a1d" relativeResultsDirectory="477cbf8c-439a-4806-9e60-f1998a32a7dc">
    </UnitTestResult>
    <UnitTestResult executionId="803e8db3-bbe1-45d7-80b5-a8715dbcdacd" testId="f81c62bb-8284-ee53-c496-315899b23d9f" testName="UserManager_Returns_All_Roles_Hierarchy" computerName="JFVAIO" duration="00:00:00.0025263" startTime="2012-11-18T23:51:35.9895486+00:00" endTime="2012-11-18T23:51:36.0051487+00:00" testType="13cdc9d9-ddb5-4fa4-a97d-d965ccfc6d4b" outcome="Passed" testListId="8c84fa94-04c1-424b-9868-57a2d4851a1d" relativeResultsDirectory="803e8db3-bbe1-45d7-80b5-a8715dbcdacd">
    </UnitTestResult>
  </Results>
</TestRun>