<?xml version="1.0" encoding="UTF-8"?>
<TestRun id="50f57636-9646-4266-abf7-2045d0aeb685" name="jf@JFVAIO 2012-11-23 18:59:57" runUser="jfVaio\jf" xmlns="http://microsoft.com/schemas/VisualStudio/TeamTest/2010">
  <TestSettings name="Default Test Settings" id="116e37b3-c10b-47da-a7be-6f5f0abe0111">
    <Deployment runDeploymentRoot="jf_JFVAIO 2012-11-23 18_59_57">
      <DeploymentItem filename="D:\dev\isel\si\Serie02\RBAC-Solution\RBAC.Core\bin\Debug\RBAC.Core.dll" />
    </Deployment>
    <Execution>
      <TestTypeSpecific />
      <AgentRule name="Execution Agents">
      </AgentRule>
    </Execution>
  </TestSettings>
  <Times creation="2012-11-23T18:59:57.1665644+00:00" queuing="2012-11-23T18:59:57.4405800+00:00" start="2012-11-23T18:59:57.4895829+00:00" finish="2012-11-23T18:59:57.8936060+00:00" />
  <ResultSummary outcome="Completed">
    <Counters total="6" executed="6" passed="6" error="0" failed="0" timeout="0" aborted="0" inconclusive="0" passedButRunAborted="0" notRunnable="0" notExecuted="0" disconnected="0" warning="0" completed="0" inProgress="0" pending="0" />
  </ResultSummary>
  <TestDefinitions>
    <UnitTest name="Factory_CreateSession" storage="d:\dev\isel\si\serie02\rbac-solution\rbac.core.tests\bin\debug\rbac.core.tests.dll" id="b7992c18-c560-1584-f27b-461a6e5a4236">
      <Execution id="6bb17955-d099-4fa5-bc2b-949c2de26875" />
      <TestMethod codeBase="D:/dev/isel/si/Serie02/RBAC-Solution/RBAC.Core.Tests/bin/Debug/RBAC.Core.Tests.DLL" adapterTypeName="Microsoft.VisualStudio.TestTools.TestTypes.Unit.UnitTestAdapter, Microsoft.VisualStudio.QualityTools.Tips.UnitTest.Adapter, Version=10.0.0.0, Culture=neutral, PublicKeyToken=b03f5f7f11d50a3a" className="RBAC.Core.Tests.RBACHelperTests, RBAC.Core.Tests, Version=1.0.0.0, Culture=neutral, PublicKeyToken=null" name="Factory_CreateSession" />
    </UnitTest>
    <UnitTest name="User_Session_Without_Role_Cant_Access" storage="d:\dev\isel\si\serie02\rbac-solution\rbac.core.tests\bin\debug\rbac.core.tests.dll" id="c082c9a0-8064-5c7d-a2c2-65d600474842">
      <Execution id="8bab8fcf-6577-4984-bf99-c5d2c6d05dc3" />
      <TestMethod codeBase="D:/dev/isel/si/Serie02/RBAC-Solution/RBAC.Core.Tests/bin/Debug/RBAC.Core.Tests.DLL" adapterTypeName="Microsoft.VisualStudio.TestTools.TestTypes.Unit.UnitTestAdapter, Microsoft.VisualStudio.QualityTools.Tips.UnitTest.Adapter, Version=10.0.0.0, Culture=neutral, PublicKeyToken=b03f5f7f11d50a3a" className="RBAC.Core.Tests.RBACHelperTests, RBAC.Core.Tests, Version=1.0.0.0, Culture=neutral, PublicKeyToken=null" name="User_Session_Without_Role_Cant_Access" />
    </UnitTest>
    <UnitTest name="UserManager_Returns_All_Roles_Hierarchy" storage="d:\dev\isel\si\serie02\rbac-solution\rbac.core.tests\bin\debug\rbac.core.tests.dll" id="f81c62bb-8284-ee53-c496-315899b23d9f">
      <Execution id="e6c853f2-f99d-4441-84a1-1e60726905ee" />
      <TestMethod codeBase="D:/dev/isel/si/Serie02/RBAC-Solution/RBAC.Core.Tests/bin/Debug/RBAC.Core.Tests.DLL" adapterTypeName="Microsoft.VisualStudio.TestTools.TestTypes.Unit.UnitTestAdapter, Microsoft.VisualStudio.QualityTools.Tips.UnitTest.Adapter, Version=10.0.0.0, Culture=neutral, PublicKeyToken=b03f5f7f11d50a3a" className="RBAC.Core.Tests.RBACHelperTests, RBAC.Core.Tests, Version=1.0.0.0, Culture=neutral, PublicKeyToken=null" name="UserManager_Returns_All_Roles_Hierarchy" />
    </UnitTest>
    <UnitTest name="User_Session_Without_Child_Role_Cant_Access" storage="d:\dev\isel\si\serie02\rbac-solution\rbac.core.tests\bin\debug\rbac.core.tests.dll" id="1665c9b2-f7ad-5a89-c6bf-49e18c201fec">
      <Execution id="3c154dad-563c-4fd2-902f-de800dce7253" />
      <TestMethod codeBase="D:/dev/isel/si/Serie02/RBAC-Solution/RBAC.Core.Tests/bin/Debug/RBAC.Core.Tests.DLL" adapterTypeName="Microsoft.VisualStudio.TestTools.TestTypes.Unit.UnitTestAdapter, Microsoft.VisualStudio.QualityTools.Tips.UnitTest.Adapter, Version=10.0.0.0, Culture=neutral, PublicKeyToken=b03f5f7f11d50a3a" className="RBAC.Core.Tests.RBACHelperTests, RBAC.Core.Tests, Version=1.0.0.0, Culture=neutral, PublicKeyToken=null" name="User_Session_Without_Child_Role_Cant_Access" />
    </UnitTest>
    <UnitTest name="User_Session_With_Role_And_Permission_To_Access" storage="d:\dev\isel\si\serie02\rbac-solution\rbac.core.tests\bin\debug\rbac.core.tests.dll" id="b36f11f2-34ed-197f-8336-e1064b0eb6d8">
      <Execution id="0b3fdfe0-1b05-47b6-855f-da86545dc244" />
      <TestMethod codeBase="D:/dev/isel/si/Serie02/RBAC-Solution/RBAC.Core.Tests/bin/Debug/RBAC.Core.Tests.DLL" adapterTypeName="Microsoft.VisualStudio.TestTools.TestTypes.Unit.UnitTestAdapter, Microsoft.VisualStudio.QualityTools.Tips.UnitTest.Adapter, Version=10.0.0.0, Culture=neutral, PublicKeyToken=b03f5f7f11d50a3a" className="RBAC.Core.Tests.RBACHelperTests, RBAC.Core.Tests, Version=1.0.0.0, Culture=neutral, PublicKeyToken=null" name="User_Session_With_Role_And_Permission_To_Access" />
    </UnitTest>
    <UnitTest name="User_Session_With_Child_Role_And_Permission_To_Access" storage="d:\dev\isel\si\serie02\rbac-solution\rbac.core.tests\bin\debug\rbac.core.tests.dll" id="83ae8fc0-786f-b937-8849-0d88b3db4e54">
      <Execution id="fbbc8e0e-9b4b-4646-a484-5fcbdc2dde74" />
      <TestMethod codeBase="D:/dev/isel/si/Serie02/RBAC-Solution/RBAC.Core.Tests/bin/Debug/RBAC.Core.Tests.DLL" adapterTypeName="Microsoft.VisualStudio.TestTools.TestTypes.Unit.UnitTestAdapter, Microsoft.VisualStudio.QualityTools.Tips.UnitTest.Adapter, Version=10.0.0.0, Culture=neutral, PublicKeyToken=b03f5f7f11d50a3a" className="RBAC.Core.Tests.RBACHelperTests, RBAC.Core.Tests, Version=1.0.0.0, Culture=neutral, PublicKeyToken=null" name="User_Session_With_Child_Role_And_Permission_To_Access" />
    </UnitTest>
  </TestDefinitions>
  <TestLists>
    <TestList name="Results Not in a List" id="8c84fa94-04c1-424b-9868-57a2d4851a1d" />
    <TestList name="All Loaded Results" id="19431567-8539-422a-85d7-44ee4e166bda" />
  </TestLists>
  <TestEntries>
    <TestEntry testId="1665c9b2-f7ad-5a89-c6bf-49e18c201fec" executionId="3c154dad-563c-4fd2-902f-de800dce7253" testListId="8c84fa94-04c1-424b-9868-57a2d4851a1d" />
    <TestEntry testId="83ae8fc0-786f-b937-8849-0d88b3db4e54" executionId="fbbc8e0e-9b4b-4646-a484-5fcbdc2dde74" testListId="8c84fa94-04c1-424b-9868-57a2d4851a1d" />
    <TestEntry testId="b36f11f2-34ed-197f-8336-e1064b0eb6d8" executionId="0b3fdfe0-1b05-47b6-855f-da86545dc244" testListId="8c84fa94-04c1-424b-9868-57a2d4851a1d" />
    <TestEntry testId="b7992c18-c560-1584-f27b-461a6e5a4236" executionId="6bb17955-d099-4fa5-bc2b-949c2de26875" testListId="8c84fa94-04c1-424b-9868-57a2d4851a1d" />
    <TestEntry testId="c082c9a0-8064-5c7d-a2c2-65d600474842" executionId="8bab8fcf-6577-4984-bf99-c5d2c6d05dc3" testListId="8c84fa94-04c1-424b-9868-57a2d4851a1d" />
    <TestEntry testId="f81c62bb-8284-ee53-c496-315899b23d9f" executionId="e6c853f2-f99d-4441-84a1-1e60726905ee" testListId="8c84fa94-04c1-424b-9868-57a2d4851a1d" />
  </TestEntries>
  <Results>
    <UnitTestResult executionId="3c154dad-563c-4fd2-902f-de800dce7253" testId="1665c9b2-f7ad-5a89-c6bf-49e18c201fec" testName="User_Session_Without_Child_Role_Cant_Access" computerName="JFVAIO" duration="00:00:00.0356923" startTime="2012-11-23T18:59:57.5625870+00:00" endTime="2012-11-23T18:59:57.7986005+00:00" testType="13cdc9d9-ddb5-4fa4-a97d-d965ccfc6d4b" outcome="Passed" testListId="8c84fa94-04c1-424b-9868-57a2d4851a1d" relativeResultsDirectory="3c154dad-563c-4fd2-902f-de800dce7253">
    </UnitTestResult>
    <UnitTestResult executionId="fbbc8e0e-9b4b-4646-a484-5fcbdc2dde74" testId="83ae8fc0-786f-b937-8849-0d88b3db4e54" testName="User_Session_With_Child_Role_And_Permission_To_Access" computerName="JFVAIO" duration="00:00:00.0064802" startTime="2012-11-23T18:59:57.8006006+00:00" endTime="2012-11-23T18:59:57.8106012+00:00" testType="13cdc9d9-ddb5-4fa4-a97d-d965ccfc6d4b" outcome="Passed" testListId="8c84fa94-04c1-424b-9868-57a2d4851a1d" relativeResultsDirectory="fbbc8e0e-9b4b-4646-a484-5fcbdc2dde74">
    </UnitTestResult>
    <UnitTestResult executionId="0b3fdfe0-1b05-47b6-855f-da86545dc244" testId="b36f11f2-34ed-197f-8336-e1064b0eb6d8" testName="User_Session_With_Role_And_Permission_To_Access" computerName="JFVAIO" duration="00:00:00.0078901" startTime="2012-11-23T18:59:57.8116013+00:00" endTime="2012-11-23T18:59:57.8226019+00:00" testType="13cdc9d9-ddb5-4fa4-a97d-d965ccfc6d4b" outcome="Passed" testListId="8c84fa94-04c1-424b-9868-57a2d4851a1d" relativeResultsDirectory="0b3fdfe0-1b05-47b6-855f-da86545dc244">
    </UnitTestResult>
    <UnitTestResult executionId="6bb17955-d099-4fa5-bc2b-949c2de26875" testId="b7992c18-c560-1584-f27b-461a6e5a4236" testName="Factory_CreateSession" computerName="JFVAIO" duration="00:00:00.0046850" startTime="2012-11-23T18:59:57.8226019+00:00" endTime="2012-11-23T18:59:57.8316024+00:00" testType="13cdc9d9-ddb5-4fa4-a97d-d965ccfc6d4b" outcome="Passed" testListId="8c84fa94-04c1-424b-9868-57a2d4851a1d" relativeResultsDirectory="6bb17955-d099-4fa5-bc2b-949c2de26875">
    </UnitTestResult>
    <UnitTestResult executionId="8bab8fcf-6577-4984-bf99-c5d2c6d05dc3" testId="c082c9a0-8064-5c7d-a2c2-65d600474842" testName="User_Session_Without_Role_Cant_Access" computerName="JFVAIO" duration="00:00:00.0059003" startTime="2012-11-23T18:59:57.8326025+00:00" endTime="2012-11-23T18:59:57.8406029+00:00" testType="13cdc9d9-ddb5-4fa4-a97d-d965ccfc6d4b" outcome="Passed" testListId="8c84fa94-04c1-424b-9868-57a2d4851a1d" relativeResultsDirectory="8bab8fcf-6577-4984-bf99-c5d2c6d05dc3">
    </UnitTestResult>
    <UnitTestResult executionId="e6c853f2-f99d-4441-84a1-1e60726905ee" testId="f81c62bb-8284-ee53-c496-315899b23d9f" testName="UserManager_Returns_All_Roles_Hierarchy" computerName="JFVAIO" duration="00:00:00.0027197" startTime="2012-11-23T18:59:57.8416030+00:00" endTime="2012-11-23T18:59:57.8466033+00:00" testType="13cdc9d9-ddb5-4fa4-a97d-d965ccfc6d4b" outcome="Passed" testListId="8c84fa94-04c1-424b-9868-57a2d4851a1d" relativeResultsDirectory="e6c853f2-f99d-4441-84a1-1e60726905ee">
    </UnitTestResult>
  </Results>
</TestRun>