<?xml version="1.0" encoding="UTF-8"?>
<TestRun id="b905970a-8386-4705-97c8-fac3dcd90b2d" name="jf@JFVAIO 2012-11-19 00:05:48" runUser="jfVaio\jf" xmlns="http://microsoft.com/schemas/VisualStudio/TeamTest/2010">
  <TestSettings name="Default Test Settings" id="a3009a9c-796d-4976-a71c-2b5fef4c9c14">
    <Deployment runDeploymentRoot="jf_JFVAIO 2012-11-19 00_05_48">
      <DeploymentItem filename="D:\dev\isel\si\Serie02\RBAC-Solution\RBAC.Core\bin\Debug\RBAC.Core.dll" />
    </Deployment>
    <Execution>
      <TestTypeSpecific />
      <AgentRule name="Execution Agents">
      </AgentRule>
    </Execution>
  </TestSettings>
  <Times creation="2012-11-19T00:05:48.4296019+00:00" queuing="2012-11-19T00:05:49.7072092+00:00" start="2012-11-19T00:05:49.8320095+00:00" finish="2012-11-19T00:07:09.0352542+00:00" />
  <ResultSummary outcome="Error">
    <Counters total="1" executed="1" error="0" failed="0" timeout="0" aborted="1" inconclusive="0" passedButRunAborted="0" notRunnable="0" notExecuted="0" disconnected="0" warning="0" passed="0" completed="0" inProgress="0" pending="0" />
    <RunInfos>
      <RunInfo computerName="JFVAIO" outcome="Error" timestamp="2012-11-19T00:07:09.0332541+00:00">
        <Text>Test host process exited unexpectedly.</Text>
      </RunInfo>
    </RunInfos>
  </ResultSummary>
  <TestDefinitions>
    <UnitTest name="User_Session_With_Role_And_Permission_To_Access" storage="d:\dev\isel\si\serie02\rbac-solution\rbac.core.tests\bin\debug\rbac.core.tests.dll" id="b36f11f2-34ed-197f-8336-e1064b0eb6d8">
      <Execution id="198fe090-03b1-440a-bbac-9f06e131078b" />
      <TestMethod codeBase="D:/dev/isel/si/Serie02/RBAC-Solution/RBAC.Core.Tests/bin/Debug/RBAC.Core.Tests.DLL" adapterTypeName="Microsoft.VisualStudio.TestTools.TestTypes.Unit.UnitTestAdapter, Microsoft.VisualStudio.QualityTools.Tips.UnitTest.Adapter, Version=10.0.0.0, Culture=neutral, PublicKeyToken=b03f5f7f11d50a3a" className="RBAC.Core.Tests.RBACHelperTests, RBAC.Core.Tests, Version=1.0.0.0, Culture=neutral, PublicKeyToken=null" name="User_Session_With_Role_And_Permission_To_Access" />
    </UnitTest>
  </TestDefinitions>
  <TestLists>
    <TestList name="Results Not in a List" id="8c84fa94-04c1-424b-9868-57a2d4851a1d" />
    <TestList name="All Loaded Results" id="19431567-8539-422a-85d7-44ee4e166bda" />
  </TestLists>
  <TestEntries>
    <TestEntry testId="b36f11f2-34ed-197f-8336-e1064b0eb6d8" executionId="198fe090-03b1-440a-bbac-9f06e131078b" testListId="8c84fa94-04c1-424b-9868-57a2d4851a1d" />
  </TestEntries>
  <Results>
    <UnitTestResult executionId="198fe090-03b1-440a-bbac-9f06e131078b" testId="b36f11f2-34ed-197f-8336-e1064b0eb6d8" testName="User_Session_With_Role_And_Permission_To_Access" computerName="JFVAIO" duration="00:01:19.0940446" startTime="2012-11-19T00:05:49.9412096+00:00" endTime="2012-11-19T00:07:09.0352542+00:00" testType="13cdc9d9-ddb5-4fa4-a97d-d965ccfc6d4b" outcome="Aborted" testListId="8c84fa94-04c1-424b-9868-57a2d4851a1d" relativeResultsDirectory="198fe090-03b1-440a-bbac-9f06e131078b">
    </UnitTestResult>
  </Results>
</TestRun>