<?xml version="1.0" encoding="UTF-8"?>
<TestRun id="02d11174-084d-4efb-aa12-8cd014bd9de1" name="jf@JFVAIO 2012-11-18 23:50:51" runUser="jfVaio\jf" xmlns="http://microsoft.com/schemas/VisualStudio/TeamTest/2010">
  <TestSettings name="Default Test Settings" id="273ac74b-70cf-4f01-b2a8-79fb66703683">
    <Deployment runDeploymentRoot="jf_JFVAIO 2012-11-18 23_50_51">
      <DeploymentItem filename="D:\dev\isel\si\Serie02\RBAC-Solution\RBAC.Core\bin\Debug\RBAC.Core.dll" />
    </Deployment>
    <Execution>
      <TestTypeSpecific />
      <AgentRule name="Execution Agents">
      </AgentRule>
    </Execution>
  </TestSettings>
  <Times creation="2012-11-18T23:50:51.8874564+00:00" queuing="2012-11-18T23:50:51.9810566+00:00" start="2012-11-18T23:50:51.9810566+00:00" finish="2012-11-18T23:50:52.2306570+00:00" />
  <ResultSummary outcome="Failed">
    <Counters total="5" executed="5" passed="1" error="0" failed="4" timeout="0" aborted="0" inconclusive="0" passedButRunAborted="0" notRunnable="0" notExecuted="0" disconnected="0" warning="0" completed="0" inProgress="0" pending="0" />
  </ResultSummary>
  <TestDefinitions>
    <UnitTest name="User_Session_Without_Role_Cant_Access" storage="d:\dev\isel\si\serie02\rbac-solution\rbac.core.tests\bin\debug\rbac.core.tests.dll" id="c082c9a0-8064-5c7d-a2c2-65d600474842">
      <Execution id="5b35be90-c7a2-44b2-90a1-a3e4de93b57f" />
      <TestMethod codeBase="D:/dev/isel/si/Serie02/RBAC-Solution/RBAC.Core.Tests/bin/Debug/RBAC.Core.Tests.DLL" adapterTypeName="Microsoft.VisualStudio.TestTools.TestTypes.Unit.UnitTestAdapter, Microsoft.VisualStudio.QualityTools.Tips.UnitTest.Adapter, Version=10.0.0.0, Culture=neutral, PublicKeyToken=b03f5f7f11d50a3a" className="RBAC.Core.Tests.RBACHelperTests, RBAC.Core.Tests, Version=1.0.0.0, Culture=neutral, PublicKeyToken=null" name="User_Session_Without_Role_Cant_Access" />
    </UnitTest>
    <UnitTest name="User_Session_Without_Child_Role_Cant_Access" storage="d:\dev\isel\si\serie02\rbac-solution\rbac.core.tests\bin\debug\rbac.core.tests.dll" id="1665c9b2-f7ad-5a89-c6bf-49e18c201fec">
      <Execution id="cd025a13-94fd-433d-acab-f0d753fd3356" />
      <TestMethod codeBase="D:/dev/isel/si/Serie02/RBAC-Solution/RBAC.Core.Tests/bin/Debug/RBAC.Core.Tests.DLL" adapterTypeName="Microsoft.VisualStudio.TestTools.TestTypes.Unit.UnitTestAdapter, Microsoft.VisualStudio.QualityTools.Tips.UnitTest.Adapter, Version=10.0.0.0, Culture=neutral, PublicKeyToken=b03f5f7f11d50a3a" className="RBAC.Core.Tests.RBACHelperTests, RBAC.Core.Tests, Version=1.0.0.0, Culture=neutral, PublicKeyToken=null" name="User_Session_Without_Child_Role_Cant_Access" />
    </UnitTest>
    <UnitTest name="User_Session_With_Role_And_Permission_To_Access" storage="d:\dev\isel\si\serie02\rbac-solution\rbac.core.tests\bin\debug\rbac.core.tests.dll" id="b36f11f2-34ed-197f-8336-e1064b0eb6d8">
      <Execution id="3b8222f6-7b30-4e48-b04b-38c6d8753524" />
      <TestMethod codeBase="D:/dev/isel/si/Serie02/RBAC-Solution/RBAC.Core.Tests/bin/Debug/RBAC.Core.Tests.DLL" adapterTypeName="Microsoft.VisualStudio.TestTools.TestTypes.Unit.UnitTestAdapter, Microsoft.VisualStudio.QualityTools.Tips.UnitTest.Adapter, Version=10.0.0.0, Culture=neutral, PublicKeyToken=b03f5f7f11d50a3a" className="RBAC.Core.Tests.RBACHelperTests, RBAC.Core.Tests, Version=1.0.0.0, Culture=neutral, PublicKeyToken=null" name="User_Session_With_Role_And_Permission_To_Access" />
    </UnitTest>
    <UnitTest name="UserManager_Returns_All_Roles_Hierarchy" storage="d:\dev\isel\si\serie02\rbac-solution\rbac.core.tests\bin\debug\rbac.core.tests.dll" id="f81c62bb-8284-ee53-c496-315899b23d9f">
      <Execution id="3bd74027-8c82-443c-aa78-9c156afd8448" />
      <TestMethod codeBase="D:/dev/isel/si/Serie02/RBAC-Solution/RBAC.Core.Tests/bin/Debug/RBAC.Core.Tests.DLL" adapterTypeName="Microsoft.VisualStudio.TestTools.TestTypes.Unit.UnitTestAdapter, Microsoft.VisualStudio.QualityTools.Tips.UnitTest.Adapter, Version=10.0.0.0, Culture=neutral, PublicKeyToken=b03f5f7f11d50a3a" className="RBAC.Core.Tests.RBACHelperTests, RBAC.Core.Tests, Version=1.0.0.0, Culture=neutral, PublicKeyToken=null" name="UserManager_Returns_All_Roles_Hierarchy" />
    </UnitTest>
    <UnitTest name="User_Session_With_Child_Role_And_Permission_To_Access" storage="d:\dev\isel\si\serie02\rbac-solution\rbac.core.tests\bin\debug\rbac.core.tests.dll" id="83ae8fc0-786f-b937-8849-0d88b3db4e54">
      <Execution id="520e01f7-f2a2-4fbc-a4b8-6fe270873e2e" />
      <TestMethod codeBase="D:/dev/isel/si/Serie02/RBAC-Solution/RBAC.Core.Tests/bin/Debug/RBAC.Core.Tests.DLL" adapterTypeName="Microsoft.VisualStudio.TestTools.TestTypes.Unit.UnitTestAdapter, Microsoft.VisualStudio.QualityTools.Tips.UnitTest.Adapter, Version=10.0.0.0, Culture=neutral, PublicKeyToken=b03f5f7f11d50a3a" className="RBAC.Core.Tests.RBACHelperTests, RBAC.Core.Tests, Version=1.0.0.0, Culture=neutral, PublicKeyToken=null" name="User_Session_With_Child_Role_And_Permission_To_Access" />
    </UnitTest>
  </TestDefinitions>
  <TestLists>
    <TestList name="Results Not in a List" id="8c84fa94-04c1-424b-9868-57a2d4851a1d" />
    <TestList name="All Loaded Results" id="19431567-8539-422a-85d7-44ee4e166bda" />
  </TestLists>
  <TestEntries>
    <TestEntry testId="1665c9b2-f7ad-5a89-c6bf-49e18c201fec" executionId="cd025a13-94fd-433d-acab-f0d753fd3356" testListId="8c84fa94-04c1-424b-9868-57a2d4851a1d" />
    <TestEntry testId="83ae8fc0-786f-b937-8849-0d88b3db4e54" executionId="520e01f7-f2a2-4fbc-a4b8-6fe270873e2e" testListId="8c84fa94-04c1-424b-9868-57a2d4851a1d" />
    <TestEntry testId="b36f11f2-34ed-197f-8336-e1064b0eb6d8" executionId="3b8222f6-7b30-4e48-b04b-38c6d8753524" testListId="8c84fa94-04c1-424b-9868-57a2d4851a1d" />
    <TestEntry testId="c082c9a0-8064-5c7d-a2c2-65d600474842" executionId="5b35be90-c7a2-44b2-90a1-a3e4de93b57f" testListId="8c84fa94-04c1-424b-9868-57a2d4851a1d" />
    <TestEntry testId="f81c62bb-8284-ee53-c496-315899b23d9f" executionId="3bd74027-8c82-443c-aa78-9c156afd8448" testListId="8c84fa94-04c1-424b-9868-57a2d4851a1d" />
  </TestEntries>
  <Results>
    <UnitTestResult executionId="cd025a13-94fd-433d-acab-f0d753fd3356" testId="1665c9b2-f7ad-5a89-c6bf-49e18c201fec" testName="User_Session_Without_Child_Role_Cant_Access" computerName="JFVAIO" duration="00:00:00.0442860" startTime="2012-11-18T23:50:51.9966566+00:00" endTime="2012-11-18T23:50:52.1838569+00:00" testType="13cdc9d9-ddb5-4fa4-a97d-d965ccfc6d4b" outcome="Failed" testListId="8c84fa94-04c1-424b-9868-57a2d4851a1d" relativeResultsDirectory="cd025a13-94fd-433d-acab-f0d753fd3356">
      <Output>
        <ErrorInfo>
          <Message>Test method RBAC.Core.Tests.RBACHelperTests.User_Session_Without_Child_Role_Cant_Access threw exception: 
System.NullReferenceException: Object reference not set to an instance of an object.</Message>
          <StackTrace>    at RBAC.Core.RBACHelper.UserIsAllowed(Session userSession, Permission permission) in D:\dev\isel\si\Serie02\RBAC-Solution\RBAC.Core\RBACHelper.cs:line 48
   at RBAC.Core.Tests.RBACHelperTests.User_Session_Without_Child_Role_Cant_Access() in D:\dev\isel\si\Serie02\RBAC-Solution\RBAC.Core.Tests\RBACHelperTests.cs:line 75
</StackTrace>
        </ErrorInfo>
      </Output>
    </UnitTestResult>
    <UnitTestResult executionId="520e01f7-f2a2-4fbc-a4b8-6fe270873e2e" testId="83ae8fc0-786f-b937-8849-0d88b3db4e54" testName="User_Session_With_Child_Role_And_Permission_To_Access" computerName="JFVAIO" duration="00:00:00.0063903" startTime="2012-11-18T23:50:52.1838569+00:00" endTime="2012-11-18T23:50:52.1994570+00:00" testType="13cdc9d9-ddb5-4fa4-a97d-d965ccfc6d4b" outcome="Failed" testListId="8c84fa94-04c1-424b-9868-57a2d4851a1d" relativeResultsDirectory="520e01f7-f2a2-4fbc-a4b8-6fe270873e2e">
      <Output>
        <ErrorInfo>
          <Message>Test method RBAC.Core.Tests.RBACHelperTests.User_Session_With_Child_Role_And_Permission_To_Access threw exception: 
System.NullReferenceException: Object reference not set to an instance of an object.</Message>
          <StackTrace>    at RBAC.Core.RBACHelper.UserIsAllowed(Session userSession, Permission permission) in D:\dev\isel\si\Serie02\RBAC-Solution\RBAC.Core\RBACHelper.cs:line 48
   at RBAC.Core.Tests.RBACHelperTests.User_Session_With_Child_Role_And_Permission_To_Access() in D:\dev\isel\si\Serie02\RBAC-Solution\RBAC.Core.Tests\RBACHelperTests.cs:line 59
</StackTrace>
        </ErrorInfo>
      </Output>
    </UnitTestResult>
    <UnitTestResult executionId="3b8222f6-7b30-4e48-b04b-38c6d8753524" testId="b36f11f2-34ed-197f-8336-e1064b0eb6d8" testName="User_Session_With_Role_And_Permission_To_Access" computerName="JFVAIO" duration="00:00:00.0039362" startTime="2012-11-18T23:50:52.1994570+00:00" endTime="2012-11-18T23:50:52.1994570+00:00" testType="13cdc9d9-ddb5-4fa4-a97d-d965ccfc6d4b" outcome="Failed" testListId="8c84fa94-04c1-424b-9868-57a2d4851a1d" relativeResultsDirectory="3b8222f6-7b30-4e48-b04b-38c6d8753524">
      <Output>
        <ErrorInfo>
          <Message>Test method RBAC.Core.Tests.RBACHelperTests.User_Session_With_Role_And_Permission_To_Access threw exception: 
System.NullReferenceException: Object reference not set to an instance of an object.</Message>
          <StackTrace>    at RBAC.Core.RBACHelper.UserIsAllowed(Session userSession, Permission permission) in D:\dev\isel\si\Serie02\RBAC-Solution\RBAC.Core\RBACHelper.cs:line 48
   at RBAC.Core.Tests.RBACHelperTests.User_Session_With_Role_And_Permission_To_Access() in D:\dev\isel\si\Serie02\RBAC-Solution\RBAC.Core.Tests\RBACHelperTests.cs:line 27
</StackTrace>
        </ErrorInfo>
      </Output>
    </UnitTestResult>
    <UnitTestResult executionId="5b35be90-c7a2-44b2-90a1-a3e4de93b57f" testId="c082c9a0-8064-5c7d-a2c2-65d600474842" testName="User_Session_Without_Role_Cant_Access" computerName="JFVAIO" duration="00:00:00.0039952" startTime="2012-11-18T23:50:52.1994570+00:00" endTime="2012-11-18T23:50:52.1994570+00:00" testType="13cdc9d9-ddb5-4fa4-a97d-d965ccfc6d4b" outcome="Failed" testListId="8c84fa94-04c1-424b-9868-57a2d4851a1d" relativeResultsDirectory="5b35be90-c7a2-44b2-90a1-a3e4de93b57f">
      <Output>
        <ErrorInfo>
          <Message>Test method RBAC.Core.Tests.RBACHelperTests.User_Session_Without_Role_Cant_Access threw exception: 
System.NullReferenceException: Object reference not set to an instance of an object.</Message>
          <StackTrace>    at RBAC.Core.RBACHelper.UserIsAllowed(Session userSession, Permission permission) in D:\dev\isel\si\Serie02\RBAC-Solution\RBAC.Core\RBACHelper.cs:line 48
   at RBAC.Core.Tests.RBACHelperTests.User_Session_Without_Role_Cant_Access() in D:\dev\isel\si\Serie02\RBAC-Solution\RBAC.Core.Tests\RBACHelperTests.cs:line 43
</StackTrace>
        </ErrorInfo>
      </Output>
    </UnitTestResult>
    <UnitTestResult executionId="3bd74027-8c82-443c-aa78-9c156afd8448" testId="f81c62bb-8284-ee53-c496-315899b23d9f" testName="UserManager_Returns_All_Roles_Hierarchy" computerName="JFVAIO" duration="00:00:00.0043655" startTime="2012-11-18T23:50:52.1994570+00:00" endTime="2012-11-18T23:50:52.2150570+00:00" testType="13cdc9d9-ddb5-4fa4-a97d-d965ccfc6d4b" outcome="Passed" testListId="8c84fa94-04c1-424b-9868-57a2d4851a1d" relativeResultsDirectory="3bd74027-8c82-443c-aa78-9c156afd8448">
    </UnitTestResult>
  </Results>
</TestRun>