<?xml version="1.0" encoding="UTF-8"?>
<TestRun id="014736b4-7c79-4d49-8afd-e51731eb64f3" name="jf@JFVAIO 2012-11-23 18:49:55" runUser="jfVaio\jf" xmlns="http://microsoft.com/schemas/VisualStudio/TeamTest/2010">
  <TestSettings name="Default Test Settings" id="b4d80602-103c-4b8f-ad73-48d9429da0dc">
    <Deployment runDeploymentRoot="jf_JFVAIO 2012-11-23 18_49_55">
      <DeploymentItem filename="D:\dev\isel\si\Serie02\RBAC-Solution\RBAC.Core\bin\Debug\RBAC.Core.dll" />
    </Deployment>
    <Execution>
      <TestTypeSpecific />
      <AgentRule name="Execution Agents">
      </AgentRule>
    </Execution>
  </TestSettings>
  <Times creation="2012-11-23T18:49:55.5139635+00:00" queuing="2012-11-23T18:49:55.5763636+00:00" start="2012-11-23T18:49:55.5763636+00:00" finish="2012-11-23T18:49:55.7635640+00:00" />
  <ResultSummary outcome="Completed">
    <Counters total="1" executed="1" passed="1" error="0" failed="0" timeout="0" aborted="0" inconclusive="0" passedButRunAborted="0" notRunnable="0" notExecuted="0" disconnected="0" warning="0" completed="0" inProgress="0" pending="0" />
  </ResultSummary>
  <TestDefinitions>
    <UnitTest name="Roles_Defined_In_Restriction_Object_Cant_Exist_At_Same_Time" storage="d:\dev\isel\si\serie02\rbac-solution\rbac.core.tests\bin\debug\rbac.core.tests.dll" id="77fa2d56-4efd-0e72-042f-3ab2fc114a54">
      <Execution id="b4bf38a7-619a-43b8-89a3-2a28c9b8c4a7" />
      <TestMethod codeBase="D:/dev/isel/si/Serie02/RBAC-Solution/RBAC.Core.Tests/bin/Debug/RBAC.Core.Tests.DLL" adapterTypeName="Microsoft.VisualStudio.TestTools.TestTypes.Unit.UnitTestAdapter, Microsoft.VisualStudio.QualityTools.Tips.UnitTest.Adapter, Version=10.0.0.0, Culture=neutral, PublicKeyToken=b03f5f7f11d50a3a" className="RBAC.Core.Tests.Entities.RestrictionTests, RBAC.Core.Tests, Version=1.0.0.0, Culture=neutral, PublicKeyToken=null" name="Roles_Defined_In_Restriction_Object_Cant_Exist_At_Same_Time" />
    </UnitTest>
  </TestDefinitions>
  <TestLists>
    <TestList name="Results Not in a List" id="8c84fa94-04c1-424b-9868-57a2d4851a1d" />
    <TestList name="All Loaded Results" id="19431567-8539-422a-85d7-44ee4e166bda" />
  </TestLists>
  <TestEntries>
    <TestEntry testId="77fa2d56-4efd-0e72-042f-3ab2fc114a54" executionId="b4bf38a7-619a-43b8-89a3-2a28c9b8c4a7" testListId="8c84fa94-04c1-424b-9868-57a2d4851a1d" />
  </TestEntries>
  <Results>
    <UnitTestResult executionId="b4bf38a7-619a-43b8-89a3-2a28c9b8c4a7" testId="77fa2d56-4efd-0e72-042f-3ab2fc114a54" testName="Roles_Defined_In_Restriction_Object_Cant_Exist_At_Same_Time" computerName="JFVAIO" duration="00:00:00.0258521" startTime="2012-11-23T18:49:55.5763636+00:00" endTime="2012-11-23T18:49:55.7479639+00:00" testType="13cdc9d9-ddb5-4fa4-a97d-d965ccfc6d4b" outcome="Passed" testListId="8c84fa94-04c1-424b-9868-57a2d4851a1d" relativeResultsDirectory="b4bf38a7-619a-43b8-89a3-2a28c9b8c4a7">
    </UnitTestResult>
  </Results>
</TestRun>