<?xml version="1.0" encoding="UTF-8"?>
<TestRun id="b81c6b2f-0688-4da0-afe2-f5850e37faef" name="jf@JFVAIO 2012-11-19 00:12:36" runUser="jfVaio\jf" xmlns="http://microsoft.com/schemas/VisualStudio/TeamTest/2010">
  <TestSettings name="Default Test Settings" id="015953f6-5fec-4c56-ac04-c1263488553a">
    <Deployment runDeploymentRoot="jf_JFVAIO 2012-11-19 00_12_36">
      <DeploymentItem filename="D:\dev\isel\si\Serie02\RBAC-Solution\RBAC.Core\bin\Debug\RBAC.Core.dll" />
    </Deployment>
    <Execution>
      <TestTypeSpecific />
      <AgentRule name="Execution Agents">
      </AgentRule>
    </Execution>
  </TestSettings>
  <Times creation="2012-11-19T00:12:36.5081875+00:00" queuing="2012-11-19T00:12:36.8045880+00:00" start="2012-11-19T00:12:36.8669881+00:00" finish="2012-11-19T00:12:37.2257887+00:00" />
  <ResultSummary outcome="Completed">
    <Counters total="5" executed="5" passed="5" error="0" failed="0" timeout="0" aborted="0" inconclusive="0" passedButRunAborted="0" notRunnable="0" notExecuted="0" disconnected="0" warning="0" completed="0" inProgress="0" pending="0" />
  </ResultSummary>
  <TestDefinitions>
    <UnitTest name="User_Session_Without_Role_Cant_Access" storage="d:\dev\isel\si\serie02\rbac-solution\rbac.core.tests\bin\debug\rbac.core.tests.dll" id="c082c9a0-8064-5c7d-a2c2-65d600474842">
      <Execution id="043f8577-9075-4d7b-9ca4-90eb78713e5c" />
      <TestMethod codeBase="D:/dev/isel/si/Serie02/RBAC-Solution/RBAC.Core.Tests/bin/Debug/RBAC.Core.Tests.DLL" adapterTypeName="Microsoft.VisualStudio.TestTools.TestTypes.Unit.UnitTestAdapter, Microsoft.VisualStudio.QualityTools.Tips.UnitTest.Adapter, Version=10.0.0.0, Culture=neutral, PublicKeyToken=b03f5f7f11d50a3a" className="RBAC.Core.Tests.RBACHelperTests, RBAC.Core.Tests, Version=1.0.0.0, Culture=neutral, PublicKeyToken=null" name="User_Session_Without_Role_Cant_Access" />
    </UnitTest>
    <UnitTest name="User_Session_Without_Child_Role_Cant_Access" storage="d:\dev\isel\si\serie02\rbac-solution\rbac.core.tests\bin\debug\rbac.core.tests.dll" id="1665c9b2-f7ad-5a89-c6bf-49e18c201fec">
      <Execution id="61865ac8-5f8e-41b3-9988-9f4d7152ec19" />
      <TestMethod codeBase="D:/dev/isel/si/Serie02/RBAC-Solution/RBAC.Core.Tests/bin/Debug/RBAC.Core.Tests.DLL" adapterTypeName="Microsoft.VisualStudio.TestTools.TestTypes.Unit.UnitTestAdapter, Microsoft.VisualStudio.QualityTools.Tips.UnitTest.Adapter, Version=10.0.0.0, Culture=neutral, PublicKeyToken=b03f5f7f11d50a3a" className="RBAC.Core.Tests.RBACHelperTests, RBAC.Core.Tests, Version=1.0.0.0, Culture=neutral, PublicKeyToken=null" name="User_Session_Without_Child_Role_Cant_Access" />
    </UnitTest>
    <UnitTest name="User_Session_With_Role_And_Permission_To_Access" storage="d:\dev\isel\si\serie02\rbac-solution\rbac.core.tests\bin\debug\rbac.core.tests.dll" id="b36f11f2-34ed-197f-8336-e1064b0eb6d8">
      <Execution id="9ec5e007-4230-4282-8a42-c9a0d0a7a79e" />
      <TestMethod codeBase="D:/dev/isel/si/Serie02/RBAC-Solution/RBAC.Core.Tests/bin/Debug/RBAC.Core.Tests.DLL" adapterTypeName="Microsoft.VisualStudio.TestTools.TestTypes.Unit.UnitTestAdapter, Microsoft.VisualStudio.QualityTools.Tips.UnitTest.Adapter, Version=10.0.0.0, Culture=neutral, PublicKeyToken=b03f5f7f11d50a3a" className="RBAC.Core.Tests.RBACHelperTests, RBAC.Core.Tests, Version=1.0.0.0, Culture=neutral, PublicKeyToken=null" name="User_Session_With_Role_And_Permission_To_Access" />
    </UnitTest>
    <UnitTest name="UserManager_Returns_All_Roles_Hierarchy" storage="d:\dev\isel\si\serie02\rbac-solution\rbac.core.tests\bin\debug\rbac.core.tests.dll" id="f81c62bb-8284-ee53-c496-315899b23d9f">
      <Execution id="a64cb34e-89e0-43e8-8de9-f08d3f36c96a" />
      <TestMethod codeBase="D:/dev/isel/si/Serie02/RBAC-Solution/RBAC.Core.Tests/bin/Debug/RBAC.Core.Tests.DLL" adapterTypeName="Microsoft.VisualStudio.TestTools.TestTypes.Unit.UnitTestAdapter, Microsoft.VisualStudio.QualityTools.Tips.UnitTest.Adapter, Version=10.0.0.0, Culture=neutral, PublicKeyToken=b03f5f7f11d50a3a" className="RBAC.Core.Tests.RBACHelperTests, RBAC.Core.Tests, Version=1.0.0.0, Culture=neutral, PublicKeyToken=null" name="UserManager_Returns_All_Roles_Hierarchy" />
    </UnitTest>
    <UnitTest name="User_Session_With_Child_Role_And_Permission_To_Access" storage="d:\dev\isel\si\serie02\rbac-solution\rbac.core.tests\bin\debug\rbac.core.tests.dll" id="83ae8fc0-786f-b937-8849-0d88b3db4e54">
      <Execution id="1bff1c88-863f-4fbf-8091-8da192db9826" />
      <TestMethod codeBase="D:/dev/isel/si/Serie02/RBAC-Solution/RBAC.Core.Tests/bin/Debug/RBAC.Core.Tests.DLL" adapterTypeName="Microsoft.VisualStudio.TestTools.TestTypes.Unit.UnitTestAdapter, Microsoft.VisualStudio.QualityTools.Tips.UnitTest.Adapter, Version=10.0.0.0, Culture=neutral, PublicKeyToken=b03f5f7f11d50a3a" className="RBAC.Core.Tests.RBACHelperTests, RBAC.Core.Tests, Version=1.0.0.0, Culture=neutral, PublicKeyToken=null" name="User_Session_With_Child_Role_And_Permission_To_Access" />
    </UnitTest>
  </TestDefinitions>
  <TestLists>
    <TestList name="Results Not in a List" id="8c84fa94-04c1-424b-9868-57a2d4851a1d" />
    <TestList name="All Loaded Results" id="19431567-8539-422a-85d7-44ee4e166bda" />
  </TestLists>
  <TestEntries>
    <TestEntry testId="1665c9b2-f7ad-5a89-c6bf-49e18c201fec" executionId="61865ac8-5f8e-41b3-9988-9f4d7152ec19" testListId="8c84fa94-04c1-424b-9868-57a2d4851a1d" />
    <TestEntry testId="83ae8fc0-786f-b937-8849-0d88b3db4e54" executionId="1bff1c88-863f-4fbf-8091-8da192db9826" testListId="8c84fa94-04c1-424b-9868-57a2d4851a1d" />
    <TestEntry testId="b36f11f2-34ed-197f-8336-e1064b0eb6d8" executionId="9ec5e007-4230-4282-8a42-c9a0d0a7a79e" testListId="8c84fa94-04c1-424b-9868-57a2d4851a1d" />
    <TestEntry testId="c082c9a0-8064-5c7d-a2c2-65d600474842" executionId="043f8577-9075-4d7b-9ca4-90eb78713e5c" testListId="8c84fa94-04c1-424b-9868-57a2d4851a1d" />
    <TestEntry testId="f81c62bb-8284-ee53-c496-315899b23d9f" executionId="a64cb34e-89e0-43e8-8de9-f08d3f36c96a" testListId="8c84fa94-04c1-424b-9868-57a2d4851a1d" />
  </TestEntries>
  <Results>
    <UnitTestResult executionId="61865ac8-5f8e-41b3-9988-9f4d7152ec19" testId="1665c9b2-f7ad-5a89-c6bf-49e18c201fec" testName="User_Session_Without_Child_Role_Cant_Access" computerName="JFVAIO" duration="00:00:00.0314463" startTime="2012-11-19T00:12:36.9137882+00:00" endTime="2012-11-19T00:12:37.1477886+00:00" testType="13cdc9d9-ddb5-4fa4-a97d-d965ccfc6d4b" outcome="Passed" testListId="8c84fa94-04c1-424b-9868-57a2d4851a1d" relativeResultsDirectory="61865ac8-5f8e-41b3-9988-9f4d7152ec19">
    </UnitTestResult>
    <UnitTestResult executionId="1bff1c88-863f-4fbf-8091-8da192db9826" testId="83ae8fc0-786f-b937-8849-0d88b3db4e54" testName="User_Session_With_Child_Role_And_Permission_To_Access" computerName="JFVAIO" duration="00:00:00.0069907" startTime="2012-11-19T00:12:37.1633886+00:00" endTime="2012-11-19T00:12:37.1633886+00:00" testType="13cdc9d9-ddb5-4fa4-a97d-d965ccfc6d4b" outcome="Passed" testListId="8c84fa94-04c1-424b-9868-57a2d4851a1d" relativeResultsDirectory="1bff1c88-863f-4fbf-8091-8da192db9826">
    </UnitTestResult>
    <UnitTestResult executionId="9ec5e007-4230-4282-8a42-c9a0d0a7a79e" testId="b36f11f2-34ed-197f-8336-e1064b0eb6d8" testName="User_Session_With_Role_And_Permission_To_Access" computerName="JFVAIO" duration="00:00:00.0080632" startTime="2012-11-19T00:12:37.1633886+00:00" endTime="2012-11-19T00:12:37.1789887+00:00" testType="13cdc9d9-ddb5-4fa4-a97d-d965ccfc6d4b" outcome="Passed" testListId="8c84fa94-04c1-424b-9868-57a2d4851a1d" relativeResultsDirectory="9ec5e007-4230-4282-8a42-c9a0d0a7a79e">
    </UnitTestResult>
    <UnitTestResult executionId="043f8577-9075-4d7b-9ca4-90eb78713e5c" testId="c082c9a0-8064-5c7d-a2c2-65d600474842" testName="User_Session_Without_Role_Cant_Access" computerName="JFVAIO" duration="00:00:00.0065562" startTime="2012-11-19T00:12:37.1789887+00:00" endTime="2012-11-19T00:12:37.1789887+00:00" testType="13cdc9d9-ddb5-4fa4-a97d-d965ccfc6d4b" outcome="Passed" testListId="8c84fa94-04c1-424b-9868-57a2d4851a1d" relativeResultsDirectory="043f8577-9075-4d7b-9ca4-90eb78713e5c">
    </UnitTestResult>
    <UnitTestResult executionId="a64cb34e-89e0-43e8-8de9-f08d3f36c96a" testId="f81c62bb-8284-ee53-c496-315899b23d9f" testName="UserManager_Returns_All_Roles_Hierarchy" computerName="JFVAIO" duration="00:00:00.0027889" startTime="2012-11-19T00:12:37.1789887+00:00" endTime="2012-11-19T00:12:37.1945887+00:00" testType="13cdc9d9-ddb5-4fa4-a97d-d965ccfc6d4b" outcome="Passed" testListId="8c84fa94-04c1-424b-9868-57a2d4851a1d" relativeResultsDirectory="a64cb34e-89e0-43e8-8de9-f08d3f36c96a">
    </UnitTestResult>
  </Results>
</TestRun>